[    2387ms] [ERROR] Failed to load resource: net::ERR_NAME_NOT_RESOLVED @ https://logo.clearbit.com/aetherapparel.com:0
[    2387ms] [ERROR] Failed to load resource: net::ERR_NAME_NOT_RESOLVED @ https://logo.clearbit.com/acescholarships.org:0
[    2387ms] [ERROR] Failed to load resource: net::ERR_NAME_NOT_RESOLVED @ https://logo.clearbit.com/aspen.com:0
[    2387ms] [ERROR] Failed to load resource: net::ERR_NAME_NOT_RESOLVED @ https://logo.clearbit.com/aegisfinancial.com:0
[    2387ms] [ERROR] Failed to load resource: net::ERR_NAME_NOT_RESOLVED @ https://logo.clearbit.com/5star.bank:0
[    2387ms] [ERROR] Failed to load resource: net::ERR_NAME_NOT_RESOLVED @ https://logo.clearbit.com/afncu.com:0
[    2459ms] [ERROR] Failed to load resource: net::ERR_NAME_NOT_RESOLVED @ https://logo.clearbit.com/amerind.com:0
[    2460ms] [ERROR] Failed to load resource: net::ERR_NAME_NOT_RESOLVED @ https://logo.clearbit.com/americanfinancing.net:0
[    2460ms] [ERROR] Failed to load resource: net::ERR_NAME_NOT_RESOLVED @ https://logo.clearbit.com/alpinebank.com:0
[    2460ms] [ERROR] Failed to load resource: net::ERR_NAME_NOT_RESOLVED @ https://logo.clearbit.com/anbbank.com:0
[    6669ms] [ERROR] Failed to load resource: net::ERR_NAME_NOT_RESOLVED @ https://logo.clearbit.com/aspen.com:0
[    6669ms] [ERROR] Failed to load resource: net::ERR_NAME_NOT_RESOLVED @ https://logo.clearbit.com/5star.bank:0
[    6669ms] [ERROR] Failed to load resource: net::ERR_NAME_NOT_RESOLVED @ https://logo.clearbit.com/acescholarships.org:0
[    6669ms] [ERROR] Failed to load resource: net::ERR_NAME_NOT_RESOLVED @ https://logo.clearbit.com/aegisfinancial.com:0
[    6669ms] [ERROR] Failed to load resource: net::ERR_NAME_NOT_RESOLVED @ https://logo.clearbit.com/aetherapparel.com:0
[    6669ms] [ERROR] Failed to load resource: net::ERR_NAME_NOT_RESOLVED @ https://logo.clearbit.com/afncu.com:0
[    6681ms] [ERROR] Failed to load resource: net::ERR_NAME_NOT_RESOLVED @ https://logo.clearbit.com/americanfinancing.net:0
[    6682ms] [ERROR] Failed to load resource: net::ERR_NAME_NOT_RESOLVED @ https://logo.clearbit.com/anbbank.com:0
[    6682ms] [ERROR] Failed to load resource: net::ERR_NAME_NOT_RESOLVED @ https://logo.clearbit.com/amerind.com:0
[    6682ms] [ERROR] Failed to load resource: net::ERR_NAME_NOT_RESOLVED @ https://logo.clearbit.com/alpinebank.com:0
[    7862ms] [ERROR] Failed to load resource: net::ERR_NAME_NOT_RESOLVED @ https://logo.clearbit.com/aspen.com:0
[    7865ms] [ERROR] Failed to load resource: net::ERR_NAME_NOT_RESOLVED @ https://logo.clearbit.com/acescholarships.org:0
[    7865ms] [ERROR] Failed to load resource: net::ERR_NAME_NOT_RESOLVED @ https://logo.clearbit.com/5star.bank:0
[    7865ms] [ERROR] Failed to load resource: net::ERR_NAME_NOT_RESOLVED @ https://logo.clearbit.com/afncu.com:0
[    7865ms] [ERROR] Failed to load resource: net::ERR_NAME_NOT_RESOLVED @ https://logo.clearbit.com/aetherapparel.com:0
[    7865ms] [ERROR] Failed to load resource: net::ERR_NAME_NOT_RESOLVED @ https://logo.clearbit.com/alpinebank.com:0
[    7959ms] [ERROR] Failed to load resource: net::ERR_NAME_NOT_RESOLVED @ https://logo.clearbit.com/anbbank.com:0
[    7959ms] [ERROR] Failed to load resource: net::ERR_NAME_NOT_RESOLVED @ https://logo.clearbit.com/amerind.com:0
[   10077ms] [ERROR] Failed to load resource: net::ERR_NAME_NOT_RESOLVED @ https://logo.clearbit.com/5star.bank:0
[   10079ms] [ERROR] Failed to load resource: net::ERR_NAME_NOT_RESOLVED @ https://logo.clearbit.com/acescholarships.org:0
[   10079ms] [ERROR] Failed to load resource: net::ERR_NAME_NOT_RESOLVED @ https://logo.clearbit.com/aegisfinancial.com:0
[   10079ms] [ERROR] Failed to load resource: net::ERR_NAME_NOT_RESOLVED @ https://logo.clearbit.com/aetherapparel.com:0
[   10079ms] [ERROR] Failed to load resource: net::ERR_NAME_NOT_RESOLVED @ https://logo.clearbit.com/alpinebank.com:0
[   10079ms] [ERROR] Failed to load resource: net::ERR_NAME_NOT_RESOLVED @ https://logo.clearbit.com/afncu.com:0
[   10158ms] [ERROR] Failed to load resource: net::ERR_NAME_NOT_RESOLVED @ https://logo.clearbit.com/amerind.com:0
[   10158ms] [ERROR] Failed to load resource: net::ERR_NAME_NOT_RESOLVED @ https://logo.clearbit.com/anbbank.com:0
[   10158ms] [ERROR] Failed to load resource: net::ERR_NAME_NOT_RESOLVED @ https://logo.clearbit.com/americanfinancing.net:0
[ 1944421ms] [ERROR] Failed to load resource: net::ERR_NAME_NOT_RESOLVED @ https://logo.clearbit.com/5star.bank:0
[ 1944422ms] [ERROR] Failed to load resource: net::ERR_NAME_NOT_RESOLVED @ https://logo.clearbit.com/aspen.com:0
[ 1944422ms] [ERROR] Failed to load resource: net::ERR_NAME_NOT_RESOLVED @ https://logo.clearbit.com/acescholarships.org:0
[ 1944422ms] [ERROR] Failed to load resource: net::ERR_NAME_NOT_RESOLVED @ https://logo.clearbit.com/aegisfinancial.com:0
[ 1944422ms] [ERROR] Failed to load resource: net::ERR_NAME_NOT_RESOLVED @ https://logo.clearbit.com/aetherapparel.com:0
[ 1944422ms] [ERROR] Failed to load resource: net::ERR_NAME_NOT_RESOLVED @ https://logo.clearbit.com/afncu.com:0
[ 1944501ms] [ERROR] Failed to load resource: net::ERR_NAME_NOT_RESOLVED @ https://logo.clearbit.com/amerind.com:0
[ 1944502ms] [ERROR] Failed to load resource: net::ERR_NAME_NOT_RESOLVED @ https://logo.clearbit.com/americanfinancing.net:0
[ 1944502ms] [ERROR] Failed to load resource: net::ERR_NAME_NOT_RESOLVED @ https://logo.clearbit.com/alpinebank.com:0
[ 1944502ms] [ERROR] Failed to load resource: net::ERR_NAME_NOT_RESOLVED @ https://logo.clearbit.com/anbbank.com:0
[ 1969689ms] [ERROR] Failed to load resource: net::ERR_NAME_NOT_RESOLVED @ https://logo.clearbit.com/acescholarships.org:0
[ 1969691ms] [ERROR] Failed to load resource: net::ERR_NAME_NOT_RESOLVED @ https://logo.clearbit.com/aegisfinancial.com:0
[ 1969691ms] [ERROR] Failed to load resource: net::ERR_NAME_NOT_RESOLVED @ https://logo.clearbit.com/aetherapparel.com:0
[ 1969691ms] [ERROR] Failed to load resource: net::ERR_NAME_NOT_RESOLVED @ https://logo.clearbit.com/aspen.com:0
[ 1969691ms] [ERROR] Failed to load resource: net::ERR_NAME_NOT_RESOLVED @ https://logo.clearbit.com/5star.bank:0
[ 1969691ms] [ERROR] Failed to load resource: net::ERR_NAME_NOT_RESOLVED @ https://logo.clearbit.com/afncu.com:0
[ 1969781ms] [ERROR] Failed to load resource: net::ERR_NAME_NOT_RESOLVED @ https://logo.clearbit.com/anbbank.com:0
[ 1969781ms] [ERROR] Failed to load resource: net::ERR_NAME_NOT_RESOLVED @ https://logo.clearbit.com/amerind.com:0
[ 1969781ms] [ERROR] Failed to load resource: net::ERR_NAME_NOT_RESOLVED @ https://logo.clearbit.com/alpinebank.com:0
[ 1969781ms] [ERROR] Failed to load resource: net::ERR_NAME_NOT_RESOLVED @ https://logo.clearbit.com/americanfinancing.net:0
