[    3527ms] [ERROR] Failed to load resource: net::ERR_NAME_NOT_RESOLVED @ https://logo.clearbit.com/aspen.com:0
[    3530ms] [ERROR] Failed to load resource: net::ERR_NAME_NOT_RESOLVED @ https://logo.clearbit.com/5star.bank:0
[    3530ms] [ERROR] Failed to load resource: net::ERR_NAME_NOT_RESOLVED @ https://logo.clearbit.com/acescholarships.org:0
[    3530ms] [ERROR] Failed to load resource: net::ERR_NAME_NOT_RESOLVED @ https://logo.clearbit.com/aegisfinancial.com:0
[    3530ms] [ERROR] Failed to load resource: net::ERR_NAME_NOT_RESOLVED @ https://logo.clearbit.com/afncu.com:0
[    3530ms] [ERROR] Failed to load resource: net::ERR_NAME_NOT_RESOLVED @ https://logo.clearbit.com/aetherapparel.com:0
[    3618ms] [ERROR] Failed to load resource: net::ERR_NAME_NOT_RESOLVED @ https://logo.clearbit.com/amerind.com:0
[    3620ms] [ERROR] Failed to load resource: net::ERR_NAME_NOT_RESOLVED @ https://logo.clearbit.com/americanfinancing.net:0
[    3620ms] [ERROR] Failed to load resource: net::ERR_NAME_NOT_RESOLVED @ https://logo.clearbit.com/anbbank.com:0
[    3620ms] [ERROR] Failed to load resource: net::ERR_NAME_NOT_RESOLVED @ https://logo.clearbit.com/alpinebank.com:0
[   13127ms] [ERROR] Error fetching paginated transcripts: {message: TypeError: Failed to fetch, details: TypeError: Failed to fetch, hint: , code: } @ http://localhost:3001/_next/static/chunks/node_modules_next_dist_7a8122d0._.js:3117
[   37674ms] [ERROR] Failed to load resource: net::ERR_NAME_NOT_RESOLVED @ https://logo.clearbit.com/aspen.com:0
[   37676ms] [ERROR] Failed to load resource: net::ERR_NAME_NOT_RESOLVED @ https://logo.clearbit.com/aegisfinancial.com:0
[   37676ms] [ERROR] Failed to load resource: net::ERR_NAME_NOT_RESOLVED @ https://logo.clearbit.com/afncu.com:0
[   37676ms] [ERROR] Failed to load resource: net::ERR_NAME_NOT_RESOLVED @ https://logo.clearbit.com/acescholarships.org:0
[   37676ms] [ERROR] Failed to load resource: net::ERR_NAME_NOT_RESOLVED @ https://logo.clearbit.com/5star.bank:0
[   37676ms] [ERROR] Failed to load resource: net::ERR_NAME_NOT_RESOLVED @ https://logo.clearbit.com/aetherapparel.com:0
[   37755ms] [ERROR] Failed to load resource: net::ERR_NAME_NOT_RESOLVED @ https://logo.clearbit.com/anbbank.com:0
[   37755ms] [ERROR] Failed to load resource: net::ERR_NAME_NOT_RESOLVED @ https://logo.clearbit.com/americanfinancing.net:0
[   37755ms] [ERROR] Failed to load resource: net::ERR_NAME_NOT_RESOLVED @ https://logo.clearbit.com/alpinebank.com:0
[   37755ms] [ERROR] Failed to load resource: net::ERR_NAME_NOT_RESOLVED @ https://logo.clearbit.com/amerind.com:0
[   39912ms] [ERROR] Error fetching paginated companies: {message: TypeError: Failed to fetch, details: TypeError: Failed to fetch
    at http://localhost…:3001/_next/static/chunks/_dee95d4d._.js:5257:41), hint: , code: } @ http://localhost:3001/_next/static/chunks/node_modules_next_dist_7a8122d0._.js:3117
[   66236ms] [ERROR] Error fetching company stats: {message: TypeError: Failed to fetch, details: TypeError: Failed to fetch
    at http://localhost…:3001/_next/static/chunks/_dee95d4d._.js:5222:39), hint: , code: } @ http://localhost:3001/_next/static/chunks/node_modules_next_dist_7a8122d0._.js:3117
[   96269ms] [ERROR] Failed to load resource: net::ERR_NAME_NOT_RESOLVED @ https://logo.clearbit.com/aegisfinancial.com:0
[   96271ms] [ERROR] Failed to load resource: net::ERR_NAME_NOT_RESOLVED @ https://logo.clearbit.com/acescholarships.org:0
[   96271ms] [ERROR] Failed to load resource: net::ERR_NAME_NOT_RESOLVED @ https://logo.clearbit.com/aspen.com:0
[   96271ms] [ERROR] Failed to load resource: net::ERR_NAME_NOT_RESOLVED @ https://logo.clearbit.com/5star.bank:0
[   96271ms] [ERROR] Failed to load resource: net::ERR_NAME_NOT_RESOLVED @ https://logo.clearbit.com/aetherapparel.com:0
[   96271ms] [ERROR] Failed to load resource: net::ERR_NAME_NOT_RESOLVED @ https://logo.clearbit.com/afncu.com:0
[   96364ms] [ERROR] Failed to load resource: net::ERR_NAME_NOT_RESOLVED @ https://logo.clearbit.com/anbbank.com:0
[   96365ms] [ERROR] Failed to load resource: net::ERR_NAME_NOT_RESOLVED @ https://logo.clearbit.com/amerind.com:0
[   96365ms] [ERROR] Failed to load resource: net::ERR_NAME_NOT_RESOLVED @ https://logo.clearbit.com/americanfinancing.net:0
[   96365ms] [ERROR] Failed to load resource: net::ERR_NAME_NOT_RESOLVED @ https://logo.clearbit.com/alpinebank.com:0
[  117525ms] [ERROR] Failed to load resource: net::ERR_NAME_NOT_RESOLVED @ https://logo.clearbit.com/afncu.com:0
[  117527ms] [ERROR] Failed to load resource: net::ERR_NAME_NOT_RESOLVED @ https://logo.clearbit.com/aetherapparel.com:0
[  117527ms] [ERROR] Failed to load resource: net::ERR_NAME_NOT_RESOLVED @ https://logo.clearbit.com/aspen.com:0
[  117527ms] [ERROR] Failed to load resource: net::ERR_NAME_NOT_RESOLVED @ https://logo.clearbit.com/acescholarships.org:0
[  117527ms] [ERROR] Failed to load resource: net::ERR_NAME_NOT_RESOLVED @ https://logo.clearbit.com/5star.bank:0
[  117527ms] [ERROR] Failed to load resource: net::ERR_NAME_NOT_RESOLVED @ https://logo.clearbit.com/aegisfinancial.com:0
[  117622ms] [ERROR] Failed to load resource: net::ERR_NAME_NOT_RESOLVED @ https://logo.clearbit.com/anbbank.com:0
[  117623ms] [ERROR] Failed to load resource: net::ERR_NAME_NOT_RESOLVED @ https://logo.clearbit.com/americanfinancing.net:0
[  117623ms] [ERROR] Failed to load resource: net::ERR_NAME_NOT_RESOLVED @ https://logo.clearbit.com/alpinebank.com:0
[  117623ms] [ERROR] Failed to load resource: net::ERR_NAME_NOT_RESOLVED @ https://logo.clearbit.com/amerind.com:0
[  118438ms] [ERROR] Error fetching company stats: {message: TypeError: Failed to fetch, details: TypeError: Failed to fetch
    at http://localhost…:3001/_next/static/chunks/_dee95d4d._.js:5222:39), hint: , code: } @ http://localhost:3001/_next/static/chunks/node_modules_next_dist_7a8122d0._.js:3117
[  125184ms] [ERROR] Error fetching transcript stats: {message: TypeError: Failed to fetch, details: TypeError: Failed to fetch
    at http://localhost…:3001/_next/static/chunks/_822db7de._.js:4125:35), hint: , code: } @ http://localhost:3001/_next/static/chunks/node_modules_next_dist_7a8122d0._.js:3117
[  125184ms] [ERROR] Error fetching paginated transcripts: {message: TypeError: Failed to fetch, details: TypeError: Failed to fetch
    at http://localhost…:3001/_next/static/chunks/_822db7de._.js:5957:40), hint: , code: } @ http://localhost:3001/_next/static/chunks/node_modules_next_dist_7a8122d0._.js:3117
[  169789ms] [ERROR] TypeError: Failed to fetch
    at http://localhost:3001/_next/static/chunks/node_modules_%40supabase_auth-js_dist_module_e6c70351._.js:580:23
    at _handleRequest (http://localhost:3001/_next/static/chunks/node_modules_%40supabase_auth-js_dist_module_e6c70351._.js:934:24)
    at _request (http://localhost:3001/_next/static/chunks/node_modules_%40supabase_auth-js_dist_module_e6c70351._.js:921:24)
    at http://localhost:3001/_next/static/chunks/node_modules_%40supabase_auth-js_dist_module_e6c70351._.js:4118:220
    at SupabaseAuthClient._useSession (http://localhost:3001/_next/static/chunks/node_modules_%40supabase_auth-js_dist_module_e6c70351._.js:3990:26)
    at async SupabaseAuthClient._getUser (http://localhost:3001/_next/static/chunks/node_modules_%40supabase_auth-js_dist_module_e6c70351._.js:4103:20)
    at async http://localhost:3001/_next/static/chunks/node_modules_%40supabase_auth-js_dist_module_e6c70351._.js:4090:20 @ http://localhost:3001/_next/static/chunks/node_modules_next_dist_7a8122d0._.js:3117
[  190555ms] [ERROR] Failed to load resource: net::ERR_NAME_NOT_RESOLVED @ https://logo.clearbit.com/aegisfinancial.com:0
[  190557ms] [ERROR] Failed to load resource: net::ERR_NAME_NOT_RESOLVED @ https://logo.clearbit.com/aetherapparel.com:0
[  190557ms] [ERROR] Failed to load resource: net::ERR_NAME_NOT_RESOLVED @ https://logo.clearbit.com/afncu.com:0
[  190557ms] [ERROR] Failed to load resource: net::ERR_NAME_NOT_RESOLVED @ https://logo.clearbit.com/5star.bank:0
[  190557ms] [ERROR] Failed to load resource: net::ERR_NAME_NOT_RESOLVED @ https://logo.clearbit.com/acescholarships.org:0
[  190557ms] [ERROR] Failed to load resource: net::ERR_NAME_NOT_RESOLVED @ https://logo.clearbit.com/aspen.com:0
[  190648ms] [ERROR] Failed to load resource: net::ERR_NAME_NOT_RESOLVED @ https://logo.clearbit.com/anbbank.com:0
[  190649ms] [ERROR] Failed to load resource: net::ERR_NAME_NOT_RESOLVED @ https://logo.clearbit.com/americanfinancing.net:0
[  190649ms] [ERROR] Failed to load resource: net::ERR_NAME_NOT_RESOLVED @ https://logo.clearbit.com/amerind.com:0
[  190649ms] [ERROR] Failed to load resource: net::ERR_NAME_NOT_RESOLVED @ https://logo.clearbit.com/alpinebank.com:0
[  200193ms] [WARNING] The width(1182) and height(250) are both fixed numbers,
       maybe you don't need to use a ResponsiveContainer. @ http://localhost:3001/_next/static/chunks/node_modules_next_dist_7a8122d0._.js:2287
[  200194ms] [WARNING] The width(1182) and height(250) are both fixed numbers,
       maybe you don't need to use a ResponsiveContainer. @ http://localhost:3001/_next/static/chunks/node_modules_next_dist_7a8122d0._.js:2287
[  200233ms] [WARNING] The width(1182) and height(200) are both fixed numbers,
       maybe you don't need to use a ResponsiveContainer. @ http://localhost:3001/_next/static/chunks/node_modules_next_dist_7a8122d0._.js:2287
[  200234ms] [WARNING] The width(1182) and height(200) are both fixed numbers,
       maybe you don't need to use a ResponsiveContainer. @ http://localhost:3001/_next/static/chunks/node_modules_next_dist_7a8122d0._.js:2287
[  200253ms] [WARNING] The width(554) and height(250) are both fixed numbers,
       maybe you don't need to use a ResponsiveContainer. @ http://localhost:3001/_next/static/chunks/node_modules_next_dist_7a8122d0._.js:2287
[  200253ms] [WARNING] The width(554) and height(250) are both fixed numbers,
       maybe you don't need to use a ResponsiveContainer. @ http://localhost:3001/_next/static/chunks/node_modules_next_dist_7a8122d0._.js:2287
[  200271ms] [WARNING] The width(554) and height(250) are both fixed numbers,
       maybe you don't need to use a ResponsiveContainer. @ http://localhost:3001/_next/static/chunks/node_modules_next_dist_7a8122d0._.js:2287
[  200271ms] [WARNING] The width(554) and height(250) are both fixed numbers,
       maybe you don't need to use a ResponsiveContainer. @ http://localhost:3001/_next/static/chunks/node_modules_next_dist_7a8122d0._.js:2287
[  211415ms] [ERROR] Failed to load resource: net::ERR_NAME_NOT_RESOLVED @ https://logo.clearbit.com/aegisfinancial.com:0
[  211415ms] [ERROR] Failed to load resource: net::ERR_NAME_NOT_RESOLVED @ https://logo.clearbit.com/aetherapparel.com:0
[  211415ms] [ERROR] Failed to load resource: net::ERR_NAME_NOT_RESOLVED @ https://logo.clearbit.com/afncu.com:0
[  211415ms] [ERROR] Failed to load resource: net::ERR_NAME_NOT_RESOLVED @ https://logo.clearbit.com/acescholarships.org:0
[  211415ms] [ERROR] Failed to load resource: net::ERR_NAME_NOT_RESOLVED @ https://logo.clearbit.com/5star.bank:0
[  211415ms] [ERROR] Failed to load resource: net::ERR_NAME_NOT_RESOLVED @ https://logo.clearbit.com/aspen.com:0
[  211499ms] [ERROR] Failed to load resource: net::ERR_NAME_NOT_RESOLVED @ https://logo.clearbit.com/alpinebank.com:0
[  211499ms] [ERROR] Failed to load resource: net::ERR_NAME_NOT_RESOLVED @ https://logo.clearbit.com/amerind.com:0
[  211499ms] [ERROR] Failed to load resource: net::ERR_NAME_NOT_RESOLVED @ https://logo.clearbit.com/anbbank.com:0
[  211499ms] [ERROR] Failed to load resource: net::ERR_NAME_NOT_RESOLVED @ https://logo.clearbit.com/americanfinancing.net:0
[  241524ms] [WARNING] The width(1182) and height(250) are both fixed numbers,
       maybe you don't need to use a ResponsiveContainer. @ http://localhost:3001/_next/static/chunks/node_modules_next_dist_7a8122d0._.js:2287
[  241524ms] [WARNING] The width(1182) and height(250) are both fixed numbers,
       maybe you don't need to use a ResponsiveContainer. @ http://localhost:3001/_next/static/chunks/node_modules_next_dist_7a8122d0._.js:2287
[  241552ms] [WARNING] The width(1182) and height(200) are both fixed numbers,
       maybe you don't need to use a ResponsiveContainer. @ http://localhost:3001/_next/static/chunks/node_modules_next_dist_7a8122d0._.js:2287
[  241552ms] [WARNING] The width(1182) and height(200) are both fixed numbers,
       maybe you don't need to use a ResponsiveContainer. @ http://localhost:3001/_next/static/chunks/node_modules_next_dist_7a8122d0._.js:2287
[  241571ms] [WARNING] The width(554) and height(250) are both fixed numbers,
       maybe you don't need to use a ResponsiveContainer. @ http://localhost:3001/_next/static/chunks/node_modules_next_dist_7a8122d0._.js:2287
[  241571ms] [WARNING] The width(554) and height(250) are both fixed numbers,
       maybe you don't need to use a ResponsiveContainer. @ http://localhost:3001/_next/static/chunks/node_modules_next_dist_7a8122d0._.js:2287
[  241588ms] [WARNING] The width(554) and height(250) are both fixed numbers,
       maybe you don't need to use a ResponsiveContainer. @ http://localhost:3001/_next/static/chunks/node_modules_next_dist_7a8122d0._.js:2287
[  241588ms] [WARNING] The width(554) and height(250) are both fixed numbers,
       maybe you don't need to use a ResponsiveContainer. @ http://localhost:3001/_next/static/chunks/node_modules_next_dist_7a8122d0._.js:2287
[  248190ms] [WARNING] The width(0) and height(250) are both fixed numbers,
       maybe you don't need to use a ResponsiveContainer. @ http://localhost:3001/_next/static/chunks/node_modules_next_dist_7a8122d0._.js:2287
[  248190ms] [WARNING] The width(0) and height(250) are both fixed numbers,
       maybe you don't need to use a ResponsiveContainer. @ http://localhost:3001/_next/static/chunks/node_modules_next_dist_7a8122d0._.js:2287
[  248191ms] [WARNING] The width(0) and height(200) are both fixed numbers,
       maybe you don't need to use a ResponsiveContainer. @ http://localhost:3001/_next/static/chunks/node_modules_next_dist_7a8122d0._.js:2287
[  248191ms] [WARNING] The width(0) and height(200) are both fixed numbers,
       maybe you don't need to use a ResponsiveContainer. @ http://localhost:3001/_next/static/chunks/node_modules_next_dist_7a8122d0._.js:2287
[  248192ms] [WARNING] The width(0) and height(250) are both fixed numbers,
       maybe you don't need to use a ResponsiveContainer. @ http://localhost:3001/_next/static/chunks/node_modules_next_dist_7a8122d0._.js:2287
[  248192ms] [WARNING] The width(0) and height(250) are both fixed numbers,
       maybe you don't need to use a ResponsiveContainer. @ http://localhost:3001/_next/static/chunks/node_modules_next_dist_7a8122d0._.js:2287
[  248192ms] [WARNING] The width(0) and height(250) are both fixed numbers,
       maybe you don't need to use a ResponsiveContainer. @ http://localhost:3001/_next/static/chunks/node_modules_next_dist_7a8122d0._.js:2287
[  248192ms] [WARNING] The width(0) and height(250) are both fixed numbers,
       maybe you don't need to use a ResponsiveContainer. @ http://localhost:3001/_next/static/chunks/node_modules_next_dist_7a8122d0._.js:2287
[  248217ms] [WARNING] The width(1182) and height(250) are both fixed numbers,
       maybe you don't need to use a ResponsiveContainer. @ http://localhost:3001/_next/static/chunks/node_modules_next_dist_7a8122d0._.js:2287
[  248217ms] [WARNING] The width(1182) and height(250) are both fixed numbers,
       maybe you don't need to use a ResponsiveContainer. @ http://localhost:3001/_next/static/chunks/node_modules_next_dist_7a8122d0._.js:2287
[  248232ms] [WARNING] The width(1182) and height(200) are both fixed numbers,
       maybe you don't need to use a ResponsiveContainer. @ http://localhost:3001/_next/static/chunks/node_modules_next_dist_7a8122d0._.js:2287
[  248232ms] [WARNING] The width(1182) and height(200) are both fixed numbers,
       maybe you don't need to use a ResponsiveContainer. @ http://localhost:3001/_next/static/chunks/node_modules_next_dist_7a8122d0._.js:2287
[  248244ms] [WARNING] The width(554) and height(250) are both fixed numbers,
       maybe you don't need to use a ResponsiveContainer. @ http://localhost:3001/_next/static/chunks/node_modules_next_dist_7a8122d0._.js:2287
[  248245ms] [WARNING] The width(554) and height(250) are both fixed numbers,
       maybe you don't need to use a ResponsiveContainer. @ http://localhost:3001/_next/static/chunks/node_modules_next_dist_7a8122d0._.js:2287
[  248254ms] [WARNING] The width(554) and height(250) are both fixed numbers,
       maybe you don't need to use a ResponsiveContainer. @ http://localhost:3001/_next/static/chunks/node_modules_next_dist_7a8122d0._.js:2287
[  248254ms] [WARNING] The width(554) and height(250) are both fixed numbers,
       maybe you don't need to use a ResponsiveContainer. @ http://localhost:3001/_next/static/chunks/node_modules_next_dist_7a8122d0._.js:2287
[  248301ms] [WARNING] The width(1182) and height(250) are both fixed numbers,
       maybe you don't need to use a ResponsiveContainer. @ http://localhost:3001/_next/static/chunks/node_modules_next_dist_7a8122d0._.js:2287
[  248302ms] [WARNING] The width(1182) and height(250) are both fixed numbers,
       maybe you don't need to use a ResponsiveContainer. @ http://localhost:3001/_next/static/chunks/node_modules_next_dist_7a8122d0._.js:2287
[  248303ms] [WARNING] The width(1182) and height(200) are both fixed numbers,
       maybe you don't need to use a ResponsiveContainer. @ http://localhost:3001/_next/static/chunks/node_modules_next_dist_7a8122d0._.js:2287
[  248303ms] [WARNING] The width(1182) and height(200) are both fixed numbers,
       maybe you don't need to use a ResponsiveContainer. @ http://localhost:3001/_next/static/chunks/node_modules_next_dist_7a8122d0._.js:2287
[  248306ms] [WARNING] The width(554) and height(250) are both fixed numbers,
       maybe you don't need to use a ResponsiveContainer. @ http://localhost:3001/_next/static/chunks/node_modules_next_dist_7a8122d0._.js:2287
[  248307ms] [WARNING] The width(554) and height(250) are both fixed numbers,
       maybe you don't need to use a ResponsiveContainer. @ http://localhost:3001/_next/static/chunks/node_modules_next_dist_7a8122d0._.js:2287
[  248308ms] [WARNING] The width(554) and height(250) are both fixed numbers,
       maybe you don't need to use a ResponsiveContainer. @ http://localhost:3001/_next/static/chunks/node_modules_next_dist_7a8122d0._.js:2287
[  248309ms] [WARNING] The width(554) and height(250) are both fixed numbers,
       maybe you don't need to use a ResponsiveContainer. @ http://localhost:3001/_next/static/chunks/node_modules_next_dist_7a8122d0._.js:2287
[  250075ms] [ERROR] TypeError: Failed to fetch
    at http://localhost:3001/_next/static/chunks/node_modules_%40supabase_auth-js_dist_module_e6c70351._.js:580:23
    at _handleRequest (http://localhost:3001/_next/static/chunks/node_modules_%40supabase_auth-js_dist_module_e6c70351._.js:934:24)
    at _request (http://localhost:3001/_next/static/chunks/node_modules_%40supabase_auth-js_dist_module_e6c70351._.js:921:24)
    at http://localhost:3001/_next/static/chunks/node_modules_%40supabase_auth-js_dist_module_e6c70351._.js:4118:220
    at SupabaseAuthClient._useSession (http://localhost:3001/_next/static/chunks/node_modules_%40supabase_auth-js_dist_module_e6c70351._.js:3990:26)
    at async SupabaseAuthClient._getUser (http://localhost:3001/_next/static/chunks/node_modules_%40supabase_auth-js_dist_module_e6c70351._.js:4103:20)
    at async http://localhost:3001/_next/static/chunks/node_modules_%40supabase_auth-js_dist_module_e6c70351._.js:4090:20 @ http://localhost:3001/_next/static/chunks/node_modules_next_dist_7a8122d0._.js:3117
[  270600ms] [ERROR] Error loading transcript: {message: TypeError: Failed to fetch, details: TypeError: Failed to fetch
    at http://localhost…:3001/_next/static/chunks/_d9f408a0._.js:5844:57), hint: , code: } @ http://localhost:3001/_next/static/chunks/node_modules_next_dist_7a8122d0._.js:3117
[  290929ms] [ERROR] TypeError: Failed to fetch
    at http://localhost:3001/_next/static/chunks/node_modules_%40supabase_auth-js_dist_module_e6c70351._.js:580:23
    at _handleRequest (http://localhost:3001/_next/static/chunks/node_modules_%40supabase_auth-js_dist_module_e6c70351._.js:934:24)
    at _request (http://localhost:3001/_next/static/chunks/node_modules_%40supabase_auth-js_dist_module_e6c70351._.js:921:24)
    at http://localhost:3001/_next/static/chunks/node_modules_%40supabase_auth-js_dist_module_e6c70351._.js:4118:220
    at SupabaseAuthClient._useSession (http://localhost:3001/_next/static/chunks/node_modules_%40supabase_auth-js_dist_module_e6c70351._.js:3990:26)
    at async SupabaseAuthClient._getUser (http://localhost:3001/_next/static/chunks/node_modules_%40supabase_auth-js_dist_module_e6c70351._.js:4103:20)
    at async http://localhost:3001/_next/static/chunks/node_modules_%40supabase_auth-js_dist_module_e6c70351._.js:4090:20 @ http://localhost:3001/_next/static/chunks/node_modules_next_dist_7a8122d0._.js:3117
[  304411ms] [WARNING] The width(1182) and height(300) are both fixed numbers,
       maybe you don't need to use a ResponsiveContainer. @ http://localhost:3001/_next/static/chunks/node_modules_next_dist_7a8122d0._.js:2287
[  304412ms] [WARNING] The width(1182) and height(300) are both fixed numbers,
       maybe you don't need to use a ResponsiveContainer. @ http://localhost:3001/_next/static/chunks/node_modules_next_dist_7a8122d0._.js:2287
[  304446ms] [WARNING] The width(1182) and height(200) are both fixed numbers,
       maybe you don't need to use a ResponsiveContainer. @ http://localhost:3001/_next/static/chunks/node_modules_next_dist_7a8122d0._.js:2287
[  304446ms] [WARNING] The width(1182) and height(200) are both fixed numbers,
       maybe you don't need to use a ResponsiveContainer. @ http://localhost:3001/_next/static/chunks/node_modules_next_dist_7a8122d0._.js:2287
[  311091ms] [WARNING] The width(0) and height(300) are both fixed numbers,
       maybe you don't need to use a ResponsiveContainer. @ http://localhost:3001/_next/static/chunks/node_modules_next_dist_7a8122d0._.js:2287
[  311092ms] [WARNING] The width(0) and height(300) are both fixed numbers,
       maybe you don't need to use a ResponsiveContainer. @ http://localhost:3001/_next/static/chunks/node_modules_next_dist_7a8122d0._.js:2287
[  311093ms] [WARNING] The width(0) and height(200) are both fixed numbers,
       maybe you don't need to use a ResponsiveContainer. @ http://localhost:3001/_next/static/chunks/node_modules_next_dist_7a8122d0._.js:2287
[  311093ms] [WARNING] The width(0) and height(200) are both fixed numbers,
       maybe you don't need to use a ResponsiveContainer. @ http://localhost:3001/_next/static/chunks/node_modules_next_dist_7a8122d0._.js:2287
[  311135ms] [WARNING] The width(1182) and height(300) are both fixed numbers,
       maybe you don't need to use a ResponsiveContainer. @ http://localhost:3001/_next/static/chunks/node_modules_next_dist_7a8122d0._.js:2287
[  311135ms] [WARNING] The width(1182) and height(300) are both fixed numbers,
       maybe you don't need to use a ResponsiveContainer. @ http://localhost:3001/_next/static/chunks/node_modules_next_dist_7a8122d0._.js:2287
[  311149ms] [WARNING] The width(1182) and height(200) are both fixed numbers,
       maybe you don't need to use a ResponsiveContainer. @ http://localhost:3001/_next/static/chunks/node_modules_next_dist_7a8122d0._.js:2287
[  311150ms] [WARNING] The width(1182) and height(200) are both fixed numbers,
       maybe you don't need to use a ResponsiveContainer. @ http://localhost:3001/_next/static/chunks/node_modules_next_dist_7a8122d0._.js:2287
[  311194ms] [WARNING] The width(1182) and height(300) are both fixed numbers,
       maybe you don't need to use a ResponsiveContainer. @ http://localhost:3001/_next/static/chunks/node_modules_next_dist_7a8122d0._.js:2287
[  311194ms] [WARNING] The width(1182) and height(300) are both fixed numbers,
       maybe you don't need to use a ResponsiveContainer. @ http://localhost:3001/_next/static/chunks/node_modules_next_dist_7a8122d0._.js:2287
[  311201ms] [WARNING] The width(1182) and height(200) are both fixed numbers,
       maybe you don't need to use a ResponsiveContainer. @ http://localhost:3001/_next/static/chunks/node_modules_next_dist_7a8122d0._.js:2287
[  311201ms] [WARNING] The width(1182) and height(200) are both fixed numbers,
       maybe you don't need to use a ResponsiveContainer. @ http://localhost:3001/_next/static/chunks/node_modules_next_dist_7a8122d0._.js:2287
